<?xml version="1.0" encoding="UTF-8"?>
<coverage generated="1786754924021" clover="3.2.0">
  <project timestamp="1786754924021" name="All files">
    <metrics statements="132" coveredstatements="120" conditionals="50" coveredconditionals="44" methods="31" coveredmethods="30" elements="213" coveredelements="194" complexity="0" loc="132" ncloc="132" packages="3" files="7" classes="7"/>
    <package name="src">
      <metrics statements="1" coveredstatements="1" conditionals="0" coveredconditionals="0" methods="1" coveredmethods="1"/>
      <file name="App.css" path="D:\taskflow-assignment\frontend\src\App.css">
        <metrics statements="0" coveredstatements="0" conditionals="0" coveredconditionals="0" methods="0" coveredmethods="0"/>
      </file>
      <file name="App.tsx" path="D:\taskflow-assignment\frontend\src\App.tsx">
        <metrics statements="1" coveredstatements="1" conditionals="0" coveredconditionals="0" methods="1" coveredmethods="1"/>
        <line num="5" count="1" type="stmt"/>
      </file>
    </package>
    <package name="src.api">
      <metrics statements="21" coveredstatements="21" conditionals="0" coveredconditionals="0" methods="7" coveredmethods="7"/>
      <file name="taskflowApi.ts" path="D:\taskflow-assignment\frontend\src\api\taskflowApi.ts">
        <metrics statements="21" coveredstatements="21" conditionals="0" coveredconditionals="0" methods="7" coveredmethods="7"/>
        <line num="10" count="1" type="stmt"/>
        <line num="14" count="1" type="stmt"/>
        <line num="15" count="1" type="stmt"/>
        <line num="19" count="1" type="stmt"/>
        <line num="22" count="1" type="stmt"/>
        <line num="25" count="1" type="stmt"/>
        <line num="29" count="1" type="stmt"/>
        <line num="32" count="1" type="stmt"/>
        <line num="35" count="1" type="stmt"/>
        <line num="39" count="1" type="stmt"/>
        <line num="57" count="1" type="stmt"/>
        <line num="60" count="1" type="stmt"/>
        <line num="65" count="1" type="stmt"/>
        <line num="68" count="1" type="stmt"/>
        <line num="72" count="1" type="stmt"/>
        <line num="77" count="1" type="stmt"/>
        <line num="80" count="1" type="stmt"/>
        <line num="83" count="1" type="stmt"/>
        <line num="86" count="1" type="stmt"/>
        <line num="90" count="1" type="stmt"/>
        <line num="97" count="1" type="stmt"/>
      </file>
    </package>
    <package name="src.components">
      <metrics statements="110" coveredstatements="98" conditionals="50" coveredconditionals="44" methods="23" coveredmethods="22"/>
      <file name="Board.tsx" path="D:\taskflow-assignment\frontend\src\components\Board.tsx">
        <metrics statements="40" coveredstatements="40" conditionals="10" coveredconditionals="9" methods="6" coveredmethods="6"/>
        <line num="17" count="2" type="stmt"/>
        <line num="19" count="9" type="stmt"/>
        <line num="22" count="9" type="stmt"/>
        <line num="25" count="9" type="stmt"/>
        <line num="28" count="9" type="stmt"/>
        <line num="31" count="9" type="stmt"/>
        <line num="33" count="9" type="stmt"/>
        <line num="35" count="5" type="stmt"/>
        <line num="36" count="5" type="stmt"/>
        <line num="37" count="5" type="stmt"/>
        <line num="40" count="5" type="stmt"/>
        <line num="42" count="3" type="cond" truecount="2" falsecount="0"/>
        <line num="43" count="1" type="stmt"/>
        <line num="44" count="1" type="stmt"/>
        <line num="45" count="1" type="stmt"/>
        <line num="46" count="1" type="stmt"/>
        <line num="50" count="2" type="stmt"/>
        <line num="52" count="2" type="stmt"/>
        <line num="55" count="2" type="stmt"/>
        <line num="59" count="2" type="stmt"/>
        <line num="62" count="2" type="stmt"/>
        <line num="66" count="5" type="stmt"/>
        <line num="70" count="5" type="stmt"/>
        <line num="83" count="2" type="stmt"/>
        <line num="85" count="2" type="stmt"/>
        <line num="90" count="5" type="stmt"/>
        <line num="95" count="2" type="stmt"/>
        <line num="97" count="1" type="stmt"/>
        <line num="99" count="1" type="stmt"/>
        <line num="103" count="4" type="stmt"/>
        <line num="109" count="9" type="stmt"/>
        <line num="110" count="5" type="stmt"/>
        <line num="113" count="9" type="cond" truecount="2" falsecount="0"/>
        <line num="114" count="5" type="stmt"/>
        <line num="121" count="4" type="cond" truecount="2" falsecount="0"/>
        <line num="122" count="1" type="stmt"/>
        <line num="129" count="3" type="cond" truecount="2" falsecount="0"/>
        <line num="130" count="1" type="stmt"/>
        <line num="137" count="2" type="stmt"/>
        <line num="145" count="5" type="stmt"/>
      </file>
      <file name="Column.tsx" path="D:\taskflow-assignment\frontend\src\components\Column.tsx">
        <metrics statements="8" coveredstatements="8" conditionals="4" coveredconditionals="4" methods="5" coveredmethods="5"/>
        <line num="18" count="2" type="stmt"/>
        <line num="25" count="14" type="stmt"/>
        <line num="27" count="14" type="stmt"/>
        <line num="39" count="1" type="stmt"/>
        <line num="40" count="1" type="stmt"/>
        <line num="43" count="1" type="stmt"/>
        <line num="51" count="3" type="stmt"/>
        <line num="65" count="5" type="stmt"/>
      </file>
      <file name="TaskCard.tsx" path="D:\taskflow-assignment\frontend\src\components\TaskCard.tsx">
        <metrics statements="36" coveredstatements="24" conditionals="14" coveredconditionals="9" methods="7" coveredmethods="6"/>
        <line num="21" count="2" type="stmt"/>
        <line num="27" count="21" type="stmt"/>
        <line num="30" count="21" type="stmt"/>
        <line num="33" count="21" type="stmt"/>
        <line num="35" count="21" type="stmt"/>
        <line num="36" count="4" type="stmt"/>
        <line num="40" count="4" type="cond" truecount="2" falsecount="0"/>
        <line num="41" count="1" type="stmt"/>
        <line num="44" count="3" type="stmt"/>
        <line num="45" count="3" type="stmt"/>
        <line num="47" count="3" type="stmt"/>
        <line num="49" count="2" type="stmt"/>
        <line num="51" count="1" type="stmt"/>
        <line num="53" count="1" type="stmt"/>
        <line num="57" count="3" type="stmt"/>
        <line num="61" count="21" type="stmt"/>
        <line num="65" count="0" type="stmt"/>
        <line num="67" count="0" type="cond" truecount="0" falsecount="2"/>
        <line num="68" count="0" type="stmt"/>
        <line num="71" count="0" type="cond" truecount="0" falsecount="2"/>
        <line num="72" count="0" type="stmt"/>
        <line num="75" count="0" type="stmt"/>
        <line num="76" count="0" type="stmt"/>
        <line num="78" count="0" type="stmt"/>
        <line num="83" count="0" type="stmt"/>
        <line num="85" count="0" type="stmt"/>
        <line num="87" count="0" type="stmt"/>
        <line num="91" count="0" type="stmt"/>
        <line num="95" count="21" type="cond" truecount="2" falsecount="0"/>
        <line num="96" count="3" type="stmt"/>
        <line num="102" count="1" type="stmt"/>
        <line num="103" count="1" type="stmt"/>
        <line num="106" count="1" type="stmt"/>
        <line num="113" count="18" type="stmt"/>
        <line num="133" count="3" type="stmt"/>
        <line num="163" count="54" type="stmt"/>
      </file>
      <file name="TaskForm.tsx" path="D:\taskflow-assignment\frontend\src\components\TaskForm.tsx">
        <metrics statements="26" coveredstatements="26" conditionals="22" coveredconditionals="22" methods="5" coveredmethods="5"/>
        <line num="20" count="2" type="stmt"/>
        <line num="26" count="84" type="stmt"/>
        <line num="28" count="84" type="stmt"/>
        <line num="32" count="84" type="stmt"/>
        <line num="37" count="84" type="stmt"/>
        <line num="41" count="84" type="stmt"/>
        <line num="42" count="84" type="stmt"/>
        <line num="44" count="84" type="stmt"/>
        <line num="47" count="6" type="stmt"/>
        <line num="49" count="6" type="cond" truecount="2" falsecount="0"/>
        <line num="50" count="1" type="stmt"/>
        <line num="51" count="1" type="stmt"/>
        <line num="54" count="5" type="stmt"/>
        <line num="55" count="5" type="stmt"/>
        <line num="56" count="5" type="stmt"/>
        <line num="58" count="5" type="cond" truecount="4" falsecount="0"/>
        <line num="59" count="2" type="stmt"/>
        <line num="66" count="3" type="stmt"/>
        <line num="75" count="3" type="stmt"/>
        <line num="77" count="2" type="stmt"/>
        <line num="79" count="2" type="stmt"/>
        <line num="85" count="5" type="stmt"/>
        <line num="89" count="84" type="stmt"/>
        <line num="99" count="41" type="stmt"/>
        <line num="108" count="20" type="stmt"/>
        <line num="117" count="2" type="stmt"/>
      </file>
    </package>
  </project>
</coverage>
