{"D:\\taskflow-assignment\\frontend\\src\\App.css": {"path":"D:\\taskflow-assignment\\frontend\\src\\App.css","statementMap":{},"fnMap":{},"branchMap":{},"s":{},"f":{},"b":{},"meta":{"lastBranch":0,"lastFunction":0,"lastStatement":0,"seen":{},"fnNames":{}}}
,"D:\\taskflow-assignment\\frontend\\src\\App.tsx": {"path":"D:\\taskflow-assignment\\frontend\\src\\App.tsx","statementMap":{"0":{"start":{"line":5,"column":2},"end":{"line":5,"column":null}}},"fnMap":{"0":{"name":"App","decl":{"start":{"line":4,"column":9},"end":{"line":4,"column":15}},"loc":{"start":{"line":4,"column":15},"end":{"line":6,"column":null}},"line":4}},"branchMap":{},"s":{"0":1},"f":{"0":1},"b":{},"meta":{"lastBranch":0,"lastFunction":1,"lastStatement":1,"seen":{"f:4:9:4:15":0,"s:5:2:5:Infinity":0},"fnNames":{}}}
,"D:\\taskflow-assignment\\frontend\\src\\api\\taskflowApi.ts": {"path":"D:\\taskflow-assignment\\frontend\\src\\api\\taskflowApi.ts","statementMap":{"0":{"start":{"line":10,"column":12},"end":{"line":12,"column":null}},"1":{"start":{"line":14,"column":25},"end":{"line":20,"column":null}},"2":{"start":{"line":15,"column":21},"end":{"line":17,"column":null}},"3":{"start":{"line":19,"column":4},"end":{"line":19,"column":null}},"4":{"start":{"line":22,"column":35},"end":{"line":30,"column":null}},"5":{"start":{"line":25,"column":21},"end":{"line":27,"column":null}},"6":{"start":{"line":29,"column":4},"end":{"line":29,"column":null}},"7":{"start":{"line":32,"column":32},"end":{"line":40,"column":null}},"8":{"start":{"line":35,"column":21},"end":{"line":37,"column":null}},"9":{"start":{"line":39,"column":4},"end":{"line":39,"column":null}},"10":{"start":{"line":57,"column":26},"end":{"line":66,"column":null}},"11":{"start":{"line":60,"column":21},"end":{"line":63,"column":null}},"12":{"start":{"line":65,"column":4},"end":{"line":65,"column":null}},"13":{"start":{"line":68,"column":26},"end":{"line":78,"column":null}},"14":{"start":{"line":72,"column":21},"end":{"line":75,"column":null}},"15":{"start":{"line":77,"column":4},"end":{"line":77,"column":null}},"16":{"start":{"line":80,"column":26},"end":{"line":84,"column":null}},"17":{"start":{"line":83,"column":4},"end":{"line":83,"column":null}},"18":{"start":{"line":86,"column":24},"end":{"line":98,"column":null}},"19":{"start":{"line":90,"column":21},"end":{"line":95,"column":null}},"20":{"start":{"line":97,"column":4},"end":{"line":97,"column":null}}},"fnMap":{"0":{"name":"(anonymous_0)","decl":{"start":{"line":14,"column":25},"end":{"line":14,"column":55}},"loc":{"start":{"line":14,"column":55},"end":{"line":20,"column":null}},"line":14},"1":{"name":"(anonymous_1)","decl":{"start":{"line":22,"column":35},"end":{"line":22,"column":null}},"loc":{"start":{"line":24,"column":24},"end":{"line":30,"column":null}},"line":24},"2":{"name":"(anonymous_2)","decl":{"start":{"line":32,"column":32},"end":{"line":32,"column":null}},"loc":{"start":{"line":34,"column":22},"end":{"line":40,"column":null}},"line":34},"3":{"name":"(anonymous_3)","decl":{"start":{"line":57,"column":26},"end":{"line":57,"column":null}},"loc":{"start":{"line":59,"column":20},"end":{"line":66,"column":null}},"line":59},"4":{"name":"(anonymous_4)","decl":{"start":{"line":68,"column":26},"end":{"line":68,"column":null}},"loc":{"start":{"line":71,"column":20},"end":{"line":78,"column":null}},"line":71},"5":{"name":"(anonymous_5)","decl":{"start":{"line":80,"column":26},"end":{"line":80,"column":null}},"loc":{"start":{"line":82,"column":20},"end":{"line":84,"column":null}},"line":82},"6":{"name":"(anonymous_6)","decl":{"start":{"line":86,"column":24},"end":{"line":86,"column":null}},"loc":{"start":{"line":89,"column":20},"end":{"line":98,"column":null}},"line":89}},"branchMap":{},"s":{"0":1,"1":1,"2":1,"3":1,"4":1,"5":1,"6":1,"7":1,"8":1,"9":1,"10":1,"11":1,"12":1,"13":1,"14":1,"15":1,"16":1,"17":1,"18":1,"19":1,"20":1},"f":{"0":1,"1":1,"2":1,"3":1,"4":1,"5":1,"6":1},"b":{},"meta":{"lastBranch":0,"lastFunction":7,"lastStatement":21,"seen":{"s:10:12:12:Infinity":0,"s:14:25:20:Infinity":1,"f:14:25:14:55":0,"s:15:21:17:Infinity":2,"s:19:4:19:Infinity":3,"s:22:35:30:Infinity":4,"f:22:35:22:Infinity":1,"s:25:21:27:Infinity":5,"s:29:4:29:Infinity":6,"s:32:32:40:Infinity":7,"f:32:32:32:Infinity":2,"s:35:21:37:Infinity":8,"s:39:4:39:Infinity":9,"s:57:26:66:Infinity":10,"f:57:26:57:Infinity":3,"s:60:21:63:Infinity":11,"s:65:4:65:Infinity":12,"s:68:26:78:Infinity":13,"f:68:26:68:Infinity":4,"s:72:21:75:Infinity":14,"s:77:4:77:Infinity":15,"s:80:26:84:Infinity":16,"f:80:26:80:Infinity":5,"s:83:4:83:Infinity":17,"s:86:24:98:Infinity":18,"f:86:24:86:Infinity":6,"s:90:21:95:Infinity":19,"s:97:4:97:Infinity":20},"fnNames":{}}}
,"D:\\taskflow-assignment\\frontend\\src\\components\\Board.tsx": {"path":"D:\\taskflow-assignment\\frontend\\src\\components\\Board.tsx","statementMap":{"0":{"start":{"line":17,"column":6},"end":{"line":159,"column":null}},"1":{"start":{"line":19,"column":8},"end":{"line":19,"column":null}},"2":{"start":{"line":22,"column":8},"end":{"line":22,"column":null}},"3":{"start":{"line":25,"column":8},"end":{"line":25,"column":null}},"4":{"start":{"line":28,"column":8},"end":{"line":28,"column":null}},"5":{"start":{"line":31,"column":8},"end":{"line":31,"column":null}},"6":{"start":{"line":33,"column":22},"end":{"line":107,"column":null}},"7":{"start":{"line":35,"column":12},"end":{"line":104,"column":null}},"8":{"start":{"line":36,"column":16},"end":{"line":36,"column":null}},"9":{"start":{"line":37,"column":16},"end":{"line":37,"column":null}},"10":{"start":{"line":40,"column":20},"end":{"line":40,"column":36}},"11":{"start":{"line":42,"column":16},"end":{"line":47,"column":null}},"12":{"start":{"line":43,"column":20},"end":{"line":43,"column":null}},"13":{"start":{"line":44,"column":20},"end":{"line":44,"column":null}},"14":{"start":{"line":45,"column":20},"end":{"line":45,"column":null}},"15":{"start":{"line":46,"column":20},"end":{"line":46,"column":null}},"16":{"start":{"line":50,"column":20},"end":{"line":50,"column":null}},"17":{"start":{"line":52,"column":16},"end":{"line":52,"column":null}},"18":{"start":{"line":55,"column":20},"end":{"line":57,"column":null}},"19":{"start":{"line":59,"column":16},"end":{"line":59,"column":null}},"20":{"start":{"line":62,"column":20},"end":{"line":78,"column":null}},"21":{"start":{"line":66,"column":36},"end":{"line":68,"column":null}},"22":{"start":{"line":70,"column":32},"end":{"line":75,"column":null}},"23":{"start":{"line":83,"column":20},"end":{"line":83,"column":null}},"24":{"start":{"line":85,"column":16},"end":{"line":93,"column":null}},"25":{"start":{"line":90,"column":24},"end":{"line":91,"column":null}},"26":{"start":{"line":95,"column":16},"end":{"line":95,"column":null}},"27":{"start":{"line":97,"column":16},"end":{"line":97,"column":null}},"28":{"start":{"line":99,"column":16},"end":{"line":101,"column":null}},"29":{"start":{"line":103,"column":16},"end":{"line":103,"column":null}},"30":{"start":{"line":109,"column":4},"end":{"line":111,"column":null}},"31":{"start":{"line":110,"column":8},"end":{"line":110,"column":null}},"32":{"start":{"line":113,"column":4},"end":{"line":119,"column":null}},"33":{"start":{"line":114,"column":8},"end":{"line":117,"column":null}},"34":{"start":{"line":121,"column":4},"end":{"line":127,"column":null}},"35":{"start":{"line":122,"column":8},"end":{"line":125,"column":null}},"36":{"start":{"line":129,"column":4},"end":{"line":135,"column":null}},"37":{"start":{"line":130,"column":8},"end":{"line":133,"column":null}},"38":{"start":{"line":137,"column":4},"end":{"line":157,"column":null}},"39":{"start":{"line":145,"column":20},"end":{"line":154,"column":null}}},"fnMap":{"0":{"name":"(anonymous_0)","decl":{"start":{"line":17,"column":6},"end":{"line":17,"column":20}},"loc":{"start":{"line":17,"column":20},"end":{"line":159,"column":null}},"line":17},"1":{"name":"(anonymous_1)","decl":{"start":{"line":34,"column":8},"end":{"line":34,"column":20}},"loc":{"start":{"line":34,"column":20},"end":{"line":105,"column":null}},"line":34},"2":{"name":"(anonymous_2)","decl":{"start":{"line":64,"column":28},"end":{"line":64,"column":35}},"loc":{"start":{"line":64,"column":46},"end":{"line":76,"column":null}},"line":64},"3":{"name":"(anonymous_3)","decl":{"start":{"line":85,"column":28},"end":{"line":85,"column":null}},"loc":{"start":{"line":89,"column":26},"end":{"line":92,"column":null}},"line":89},"4":{"name":"(anonymous_4)","decl":{"start":{"line":109,"column":4},"end":{"line":109,"column":20}},"loc":{"start":{"line":109,"column":20},"end":{"line":111,"column":7}},"line":109},"5":{"name":"(anonymous_5)","decl":{"start":{"line":144,"column":25},"end":{"line":144,"column":30}},"loc":{"start":{"line":145,"column":20},"end":{"line":154,"column":null}},"line":145}},"branchMap":{"0":{"loc":{"start":{"line":42,"column":16},"end":{"line":47,"column":null}},"type":"if","locations":[{"start":{"line":42,"column":16},"end":{"line":47,"column":null}},{"start":{},"end":{}}],"line":42},"1":{"loc":{"start":{"line":113,"column":4},"end":{"line":119,"column":null}},"type":"if","locations":[{"start":{"line":113,"column":4},"end":{"line":119,"column":null}},{"start":{},"end":{}}],"line":113},"2":{"loc":{"start":{"line":121,"column":4},"end":{"line":127,"column":null}},"type":"if","locations":[{"start":{"line":121,"column":4},"end":{"line":127,"column":null}},{"start":{},"end":{}}],"line":121},"3":{"loc":{"start":{"line":129,"column":4},"end":{"line":135,"column":null}},"type":"if","locations":[{"start":{"line":129,"column":4},"end":{"line":135,"column":null}},{"start":{},"end":{}}],"line":129},"4":{"loc":{"start":{"line":150,"column":28},"end":{"line":151,"column":null}},"type":"binary-expr","locations":[{"start":{"line":150,"column":28},"end":{"line":150,"column":null}},{"start":{"line":151,"column":28},"end":{"line":151,"column":null}}],"line":150}},"s":{"0":2,"1":9,"2":9,"3":9,"4":9,"5":9,"6":9,"7":5,"8":5,"9":5,"10":5,"11":3,"12":1,"13":1,"14":1,"15":1,"16":2,"17":2,"18":2,"19":2,"20":2,"21":5,"22":5,"23":2,"24":2,"25":5,"26":2,"27":1,"28":1,"29":4,"30":9,"31":5,"32":9,"33":5,"34":4,"35":1,"36":3,"37":1,"38":2,"39":5},"f":{"0":9,"1":5,"2":5,"3":5,"4":5,"5":5},"b":{"0":[1,2],"1":[5,4],"2":[1,3],"3":[1,2],"4":[5,0]},"meta":{"lastBranch":5,"lastFunction":6,"lastStatement":40,"seen":{"s:17:6:159:Infinity":0,"f:17:6:17:20":0,"s:19:8:19:Infinity":1,"s:22:8:22:Infinity":2,"s:25:8:25:Infinity":3,"s:28:8:28:Infinity":4,"s:31:8:31:Infinity":5,"s:33:22:107:Infinity":6,"f:34:8:34:20":1,"s:35:12:104:Infinity":7,"s:36:16:36:Infinity":8,"s:37:16:37:Infinity":9,"s:40:20:40:36":10,"b:42:16:47:Infinity:undefined:undefined:undefined:undefined":0,"s:42:16:47:Infinity":11,"s:43:20:43:Infinity":12,"s:44:20:44:Infinity":13,"s:45:20:45:Infinity":14,"s:46:20:46:Infinity":15,"s:50:20:50:Infinity":16,"s:52:16:52:Infinity":17,"s:55:20:57:Infinity":18,"s:59:16:59:Infinity":19,"s:62:20:78:Infinity":20,"f:64:28:64:35":2,"s:66:36:68:Infinity":21,"s:70:32:75:Infinity":22,"s:83:20:83:Infinity":23,"s:85:16:93:Infinity":24,"f:85:28:85:Infinity":3,"s:90:24:91:Infinity":25,"s:95:16:95:Infinity":26,"s:97:16:97:Infinity":27,"s:99:16:101:Infinity":28,"s:103:16:103:Infinity":29,"s:109:4:111:Infinity":30,"f:109:4:109:20":4,"s:110:8:110:Infinity":31,"b:113:4:119:Infinity:undefined:undefined:undefined:undefined":1,"s:113:4:119:Infinity":32,"s:114:8:117:Infinity":33,"b:121:4:127:Infinity:undefined:undefined:undefined:undefined":2,"s:121:4:127:Infinity":34,"s:122:8:125:Infinity":35,"b:129:4:135:Infinity:undefined:undefined:undefined:undefined":3,"s:129:4:135:Infinity":36,"s:130:8:133:Infinity":37,"s:137:4:157:Infinity":38,"f:144:25:144:30":5,"s:145:20:154:Infinity":39,"b:150:28:150:Infinity:151:28:151:Infinity":4},"fnNames":{}}}
,"D:\\taskflow-assignment\\frontend\\src\\components\\Column.tsx": {"path":"D:\\taskflow-assignment\\frontend\\src\\components\\Column.tsx","statementMap":{"0":{"start":{"line":18,"column":6},"end":{"line":76,"column":null}},"1":{"start":{"line":25,"column":8},"end":{"line":25,"column":null}},"2":{"start":{"line":27,"column":4},"end":{"line":74,"column":null}},"3":{"start":{"line":39,"column":24},"end":{"line":39,"column":null}},"4":{"start":{"line":40,"column":24},"end":{"line":40,"column":null}},"5":{"start":{"line":43,"column":24},"end":{"line":43,"column":null}},"6":{"start":{"line":51,"column":24},"end":{"line":51,"column":null}},"7":{"start":{"line":65,"column":24},"end":{"line":70,"column":null}}},"fnMap":{"0":{"name":"(anonymous_0)","decl":{"start":{"line":18,"column":6},"end":{"line":18,"column":16}},"loc":{"start":{"line":23,"column":19},"end":{"line":76,"column":null}},"line":23},"1":{"name":"(anonymous_1)","decl":{"start":{"line":38,"column":20},"end":{"line":38,"column":37}},"loc":{"start":{"line":38,"column":37},"end":{"line":41,"column":null}},"line":38},"2":{"name":"(anonymous_2)","decl":{"start":{"line":42,"column":20},"end":{"line":42,"column":null}},"loc":{"start":{"line":43,"column":24},"end":{"line":43,"column":null}},"line":43},"3":{"name":"(anonymous_3)","decl":{"start":{"line":50,"column":20},"end":{"line":50,"column":null}},"loc":{"start":{"line":51,"column":24},"end":{"line":51,"column":null}},"line":51},"4":{"name":"(anonymous_4)","decl":{"start":{"line":64,"column":26},"end":{"line":64,"column":31}},"loc":{"start":{"line":65,"column":24},"end":{"line":70,"column":null}},"line":65}},"branchMap":{"0":{"loc":{"start":{"line":35,"column":13},"end":{"line":55,"column":null}},"type":"cond-expr","locations":[{"start":{"line":36,"column":16},"end":{"line":47,"column":17}},{"start":{"line":47,"column":16},"end":{"line":55,"column":null}}],"line":35},"1":{"loc":{"start":{"line":59,"column":17},"end":{"line":71,"column":null}},"type":"cond-expr","locations":[{"start":{"line":60,"column":20},"end":{"line":64,"column":26}},{"start":{"line":64,"column":20},"end":{"line":71,"column":null}}],"line":59}},"s":{"0":2,"1":14,"2":14,"3":1,"4":1,"5":1,"6":3,"7":5},"f":{"0":14,"1":1,"2":1,"3":3,"4":5},"b":{"0":[3,11],"1":[11,3]},"meta":{"lastBranch":2,"lastFunction":5,"lastStatement":8,"seen":{"s:18:6:76:Infinity":0,"f:18:6:18:16":0,"s:25:8:25:Infinity":1,"s:27:4:74:Infinity":2,"b:36:16:47:17:47:16:55:Infinity":0,"f:38:20:38:37":1,"s:39:24:39:Infinity":3,"s:40:24:40:Infinity":4,"f:42:20:42:Infinity":2,"s:43:24:43:Infinity":5,"f:50:20:50:Infinity":3,"s:51:24:51:Infinity":6,"b:60:20:64:26:64:20:71:Infinity":1,"f:64:26:64:31":4,"s:65:24:70:Infinity":7},"fnNames":{}}}
,"D:\\taskflow-assignment\\frontend\\src\\components\\TaskCard.tsx": {"path":"D:\\taskflow-assignment\\frontend\\src\\components\\TaskCard.tsx","statementMap":{"0":{"start":{"line":21,"column":6},"end":{"line":179,"column":null}},"1":{"start":{"line":27,"column":8},"end":{"line":27,"column":null}},"2":{"start":{"line":30,"column":8},"end":{"line":30,"column":null}},"3":{"start":{"line":33,"column":8},"end":{"line":33,"column":null}},"4":{"start":{"line":35,"column":25},"end":{"line":59,"column":null}},"5":{"start":{"line":36,"column":26},"end":{"line":38,"column":null}},"6":{"start":{"line":40,"column":8},"end":{"line":42,"column":null}},"7":{"start":{"line":41,"column":12},"end":{"line":41,"column":null}},"8":{"start":{"line":44,"column":8},"end":{"line":58,"column":null}},"9":{"start":{"line":45,"column":12},"end":{"line":45,"column":null}},"10":{"start":{"line":47,"column":12},"end":{"line":47,"column":null}},"11":{"start":{"line":49,"column":12},"end":{"line":49,"column":null}},"12":{"start":{"line":51,"column":12},"end":{"line":51,"column":null}},"13":{"start":{"line":53,"column":12},"end":{"line":55,"column":null}},"14":{"start":{"line":57,"column":12},"end":{"line":57,"column":null}},"15":{"start":{"line":61,"column":23},"end":{"line":93,"column":null}},"16":{"start":{"line":65,"column":12},"end":{"line":65,"column":null}},"17":{"start":{"line":67,"column":8},"end":{"line":69,"column":null}},"18":{"start":{"line":68,"column":12},"end":{"line":68,"column":null}},"19":{"start":{"line":71,"column":8},"end":{"line":73,"column":null}},"20":{"start":{"line":72,"column":12},"end":{"line":72,"column":null}},"21":{"start":{"line":75,"column":8},"end":{"line":92,"column":null}},"22":{"start":{"line":76,"column":12},"end":{"line":76,"column":null}},"23":{"start":{"line":78,"column":12},"end":{"line":81,"column":null}},"24":{"start":{"line":83,"column":12},"end":{"line":83,"column":null}},"25":{"start":{"line":85,"column":12},"end":{"line":85,"column":null}},"26":{"start":{"line":87,"column":12},"end":{"line":89,"column":null}},"27":{"start":{"line":91,"column":12},"end":{"line":91,"column":null}},"28":{"start":{"line":95,"column":4},"end":{"line":111,"column":null}},"29":{"start":{"line":96,"column":8},"end":{"line":109,"column":null}},"30":{"start":{"line":102,"column":24},"end":{"line":102,"column":null}},"31":{"start":{"line":103,"column":24},"end":{"line":103,"column":null}},"32":{"start":{"line":106,"column":24},"end":{"line":106,"column":null}},"33":{"start":{"line":113,"column":4},"end":{"line":177,"column":null}},"34":{"start":{"line":133,"column":24},"end":{"line":133,"column":null}},"35":{"start":{"line":163,"column":28},"end":{"line":172,"column":null}}},"fnMap":{"0":{"name":"(anonymous_0)","decl":{"start":{"line":21,"column":6},"end":{"line":21,"column":18}},"loc":{"start":{"line":25,"column":21},"end":{"line":179,"column":null}},"line":25},"1":{"name":"(anonymous_1)","decl":{"start":{"line":35,"column":25},"end":{"line":35,"column":37}},"loc":{"start":{"line":35,"column":37},"end":{"line":59,"column":null}},"line":35},"2":{"name":"(anonymous_2)","decl":{"start":{"line":61,"column":23},"end":{"line":61,"column":null}},"loc":{"start":{"line":63,"column":9},"end":{"line":93,"column":null}},"line":63},"3":{"name":"(anonymous_3)","decl":{"start":{"line":101,"column":20},"end":{"line":101,"column":37}},"loc":{"start":{"line":101,"column":37},"end":{"line":104,"column":null}},"line":101},"4":{"name":"(anonymous_4)","decl":{"start":{"line":105,"column":20},"end":{"line":105,"column":null}},"loc":{"start":{"line":106,"column":24},"end":{"line":106,"column":null}},"line":106},"5":{"name":"(anonymous_5)","decl":{"start":{"line":132,"column":20},"end":{"line":132,"column":null}},"loc":{"start":{"line":133,"column":24},"end":{"line":133,"column":null}},"line":133},"6":{"name":"(anonymous_6)","decl":{"start":{"line":161,"column":29},"end":{"line":161,"column":null}},"loc":{"start":{"line":163,"column":28},"end":{"line":172,"column":null}},"line":163}},"branchMap":{"0":{"loc":{"start":{"line":40,"column":8},"end":{"line":42,"column":null}},"type":"if","locations":[{"start":{"line":40,"column":8},"end":{"line":42,"column":null}},{"start":{},"end":{}}],"line":40},"1":{"loc":{"start":{"line":67,"column":8},"end":{"line":69,"column":null}},"type":"if","locations":[{"start":{"line":67,"column":8},"end":{"line":69,"column":null}},{"start":{},"end":{}}],"line":67},"2":{"loc":{"start":{"line":71,"column":8},"end":{"line":73,"column":null}},"type":"if","locations":[{"start":{"line":71,"column":8},"end":{"line":73,"column":null}},{"start":{},"end":{}}],"line":71},"3":{"loc":{"start":{"line":95,"column":4},"end":{"line":111,"column":null}},"type":"if","locations":[{"start":{"line":95,"column":4},"end":{"line":111,"column":null}},{"start":{},"end":{}}],"line":95},"4":{"loc":{"start":{"line":125,"column":13},"end":{"line":126,"column":null}},"type":"binary-expr","locations":[{"start":{"line":125,"column":13},"end":{"line":125,"column":null}},{"start":{"line":126,"column":16},"end":{"line":126,"column":null}}],"line":125},"5":{"loc":{"start":{"line":144,"column":21},"end":{"line":146,"column":null}},"type":"cond-expr","locations":[{"start":{"line":145,"column":26},"end":{"line":145,"column":null}},{"start":{"line":146,"column":26},"end":{"line":146,"column":null}}],"line":144},"6":{"loc":{"start":{"line":156,"column":25},"end":{"line":158,"column":null}},"type":"cond-expr","locations":[{"start":{"line":157,"column":30},"end":{"line":157,"column":null}},{"start":{"line":158,"column":30},"end":{"line":158,"column":null}}],"line":156}},"s":{"0":2,"1":21,"2":21,"3":21,"4":21,"5":4,"6":4,"7":1,"8":3,"9":3,"10":3,"11":2,"12":1,"13":1,"14":3,"15":21,"16":0,"17":0,"18":0,"19":0,"20":0,"21":0,"22":0,"23":0,"24":0,"25":0,"26":0,"27":0,"28":21,"29":3,"30":1,"31":1,"32":1,"33":18,"34":3,"35":54},"f":{"0":21,"1":4,"2":0,"3":1,"4":1,"5":3,"6":54},"b":{"0":[1,3],"1":[0,0],"2":[0,0],"3":[3,18],"4":[18,17],"5":[3,15],"6":[0,18]},"meta":{"lastBranch":7,"lastFunction":7,"lastStatement":36,"seen":{"s:21:6:179:Infinity":0,"f:21:6:21:18":0,"s:27:8:27:Infinity":1,"s:30:8:30:Infinity":2,"s:33:8:33:Infinity":3,"s:35:25:59:Infinity":4,"f:35:25:35:37":1,"s:36:26:38:Infinity":5,"b:40:8:42:Infinity:undefined:undefined:undefined:undefined":0,"s:40:8:42:Infinity":6,"s:41:12:41:Infinity":7,"s:44:8:58:Infinity":8,"s:45:12:45:Infinity":9,"s:47:12:47:Infinity":10,"s:49:12:49:Infinity":11,"s:51:12:51:Infinity":12,"s:53:12:55:Infinity":13,"s:57:12:57:Infinity":14,"s:61:23:93:Infinity":15,"f:61:23:61:Infinity":2,"s:65:12:65:Infinity":16,"b:67:8:69:Infinity:undefined:undefined:undefined:undefined":1,"s:67:8:69:Infinity":17,"s:68:12:68:Infinity":18,"b:71:8:73:Infinity:undefined:undefined:undefined:undefined":2,"s:71:8:73:Infinity":19,"s:72:12:72:Infinity":20,"s:75:8:92:Infinity":21,"s:76:12:76:Infinity":22,"s:78:12:81:Infinity":23,"s:83:12:83:Infinity":24,"s:85:12:85:Infinity":25,"s:87:12:89:Infinity":26,"s:91:12:91:Infinity":27,"b:95:4:111:Infinity:undefined:undefined:undefined:undefined":3,"s:95:4:111:Infinity":28,"s:96:8:109:Infinity":29,"f:101:20:101:37":3,"s:102:24:102:Infinity":30,"s:103:24:103:Infinity":31,"f:105:20:105:Infinity":4,"s:106:24:106:Infinity":32,"s:113:4:177:Infinity":33,"b:125:13:125:Infinity:126:16:126:Infinity":4,"f:132:20:132:Infinity":5,"s:133:24:133:Infinity":34,"b:145:26:145:Infinity:146:26:146:Infinity":5,"b:157:30:157:Infinity:158:30:158:Infinity":6,"f:161:29:161:Infinity":6,"s:163:28:172:Infinity":35},"fnNames":{}}}
,"D:\\taskflow-assignment\\frontend\\src\\components\\TaskForm.tsx": {"path":"D:\\taskflow-assignment\\frontend\\src\\components\\TaskForm.tsx","statementMap":{"0":{"start":{"line":20,"column":6},"end":{"line":158,"column":null}},"1":{"start":{"line":26,"column":22},"end":{"line":26,"column":null}},"2":{"start":{"line":28,"column":30},"end":{"line":30,"column":null}},"3":{"start":{"line":32,"column":42},"end":{"line":34,"column":null}},"4":{"start":{"line":37,"column":8},"end":{"line":39,"column":null}},"5":{"start":{"line":41,"column":34},"end":{"line":41,"column":null}},"6":{"start":{"line":42,"column":30},"end":{"line":42,"column":null}},"7":{"start":{"line":44,"column":25},"end":{"line":87,"column":null}},"8":{"start":{"line":47,"column":8},"end":{"line":47,"column":null}},"9":{"start":{"line":49,"column":8},"end":{"line":52,"column":null}},"10":{"start":{"line":50,"column":12},"end":{"line":50,"column":null}},"11":{"start":{"line":51,"column":12},"end":{"line":51,"column":null}},"12":{"start":{"line":54,"column":8},"end":{"line":86,"column":null}},"13":{"start":{"line":55,"column":12},"end":{"line":55,"column":null}},"14":{"start":{"line":56,"column":12},"end":{"line":56,"column":null}},"15":{"start":{"line":58,"column":12},"end":{"line":73,"column":null}},"16":{"start":{"line":59,"column":16},"end":{"line":64,"column":null}},"17":{"start":{"line":66,"column":16},"end":{"line":72,"column":null}},"18":{"start":{"line":75,"column":12},"end":{"line":75,"column":null}},"19":{"start":{"line":77,"column":12},"end":{"line":77,"column":null}},"20":{"start":{"line":79,"column":12},"end":{"line":83,"column":null}},"21":{"start":{"line":85,"column":12},"end":{"line":85,"column":null}},"22":{"start":{"line":89,"column":4},"end":{"line":156,"column":null}},"23":{"start":{"line":99,"column":20},"end":{"line":99,"column":null}},"24":{"start":{"line":108,"column":20},"end":{"line":108,"column":null}},"25":{"start":{"line":117,"column":20},"end":{"line":119,"column":null}}},"fnMap":{"0":{"name":"(anonymous_0)","decl":{"start":{"line":20,"column":6},"end":{"line":20,"column":18}},"loc":{"start":{"line":25,"column":21},"end":{"line":158,"column":null}},"line":25},"1":{"name":"(anonymous_1)","decl":{"start":{"line":44,"column":25},"end":{"line":44,"column":null}},"loc":{"start":{"line":46,"column":9},"end":{"line":87,"column":null}},"line":46},"2":{"name":"(anonymous_2)","decl":{"start":{"line":98,"column":16},"end":{"line":98,"column":27}},"loc":{"start":{"line":99,"column":20},"end":{"line":99,"column":null}},"line":99},"3":{"name":"(anonymous_3)","decl":{"start":{"line":107,"column":16},"end":{"line":107,"column":27}},"loc":{"start":{"line":108,"column":20},"end":{"line":108,"column":null}},"line":108},"4":{"name":"(anonymous_4)","decl":{"start":{"line":116,"column":16},"end":{"line":116,"column":27}},"loc":{"start":{"line":117,"column":20},"end":{"line":119,"column":null}},"line":117}},"branchMap":{"0":{"loc":{"start":{"line":29,"column":8},"end":{"line":29,"column":null}},"type":"binary-expr","locations":[{"start":{"line":29,"column":8},"end":{"line":29,"column":23}},{"start":{"line":29,"column":23},"end":{"line":29,"column":null}}],"line":29},"1":{"loc":{"start":{"line":33,"column":8},"end":{"line":33,"column":null}},"type":"binary-expr","locations":[{"start":{"line":33,"column":8},"end":{"line":33,"column":29}},{"start":{"line":33,"column":29},"end":{"line":33,"column":null}}],"line":33},"2":{"loc":{"start":{"line":38,"column":12},"end":{"line":38,"column":null}},"type":"binary-expr","locations":[{"start":{"line":38,"column":12},"end":{"line":38,"column":30}},{"start":{"line":38,"column":30},"end":{"line":38,"column":null}}],"line":38},"3":{"loc":{"start":{"line":49,"column":8},"end":{"line":52,"column":null}},"type":"if","locations":[{"start":{"line":49,"column":8},"end":{"line":52,"column":null}},{"start":{},"end":{}}],"line":49},"4":{"loc":{"start":{"line":58,"column":12},"end":{"line":73,"column":null}},"type":"if","locations":[{"start":{"line":58,"column":12},"end":{"line":73,"column":null}},{"start":{"line":65,"column":19},"end":{"line":73,"column":null}}],"line":58},"5":{"loc":{"start":{"line":58,"column":16},"end":{"line":58,"column":35}},"type":"binary-expr","locations":[{"start":{"line":58,"column":16},"end":{"line":58,"column":29}},{"start":{"line":58,"column":29},"end":{"line":58,"column":35}}],"line":58},"6":{"loc":{"start":{"line":80,"column":16},"end":{"line":82,"column":null}},"type":"cond-expr","locations":[{"start":{"line":81,"column":22},"end":{"line":81,"column":null}},{"start":{"line":82,"column":22},"end":{"line":82,"column":null}}],"line":80},"7":{"loc":{"start":{"line":128,"column":13},"end":{"line":131,"column":null}},"type":"binary-expr","locations":[{"start":{"line":128,"column":13},"end":{"line":128,"column":null}},{"start":{"line":129,"column":16},"end":{"line":131,"column":null}}],"line":128},"8":{"loc":{"start":{"line":139,"column":21},"end":{"line":143,"column":null}},"type":"cond-expr","locations":[{"start":{"line":140,"column":26},"end":{"line":140,"column":null}},{"start":{"line":141,"column":26},"end":{"line":143,"column":null}}],"line":139},"9":{"loc":{"start":{"line":141,"column":26},"end":{"line":143,"column":null}},"type":"cond-expr","locations":[{"start":{"line":142,"column":30},"end":{"line":142,"column":null}},{"start":{"line":143,"column":30},"end":{"line":143,"column":null}}],"line":141},"10":{"loc":{"start":{"line":146,"column":17},"end":{"line":155,"column":null}},"type":"binary-expr","locations":[{"start":{"line":146,"column":17},"end":{"line":146,"column":null}},{"start":{"line":147,"column":20},"end":{"line":155,"column":null}}],"line":146}},"s":{"0":2,"1":84,"2":84,"3":84,"4":84,"5":84,"6":84,"7":84,"8":6,"9":6,"10":1,"11":1,"12":5,"13":5,"14":5,"15":5,"16":2,"17":3,"18":3,"19":2,"20":2,"21":5,"22":84,"23":41,"24":20,"25":2},"f":{"0":84,"1":6,"2":41,"3":20,"4":2},"b":{"0":[84,64],"1":[84,64],"2":[84,64],"3":[1,5],"4":[2,3],"5":[5,2],"6":[1,1],"7":[84,3],"8":[5,79],"9":[18,61],"10":[84,1]},"meta":{"lastBranch":11,"lastFunction":5,"lastStatement":26,"seen":{"s:20:6:158:Infinity":0,"f:20:6:20:18":0,"s:26:22:26:Infinity":1,"s:28:30:30:Infinity":2,"b:29:8:29:23:29:23:29:Infinity":0,"s:32:42:34:Infinity":3,"b:33:8:33:29:33:29:33:Infinity":1,"s:37:8:39:Infinity":4,"b:38:12:38:30:38:30:38:Infinity":2,"s:41:34:41:Infinity":5,"s:42:30:42:Infinity":6,"s:44:25:87:Infinity":7,"f:44:25:44:Infinity":1,"s:47:8:47:Infinity":8,"b:49:8:52:Infinity:undefined:undefined:undefined:undefined":3,"s:49:8:52:Infinity":9,"s:50:12:50:Infinity":10,"s:51:12:51:Infinity":11,"s:54:8:86:Infinity":12,"s:55:12:55:Infinity":13,"s:56:12:56:Infinity":14,"b:58:12:73:Infinity:65:19:73:Infinity":4,"s:58:12:73:Infinity":15,"b:58:16:58:29:58:29:58:35":5,"s:59:16:64:Infinity":16,"s:66:16:72:Infinity":17,"s:75:12:75:Infinity":18,"s:77:12:77:Infinity":19,"s:79:12:83:Infinity":20,"b:81:22:81:Infinity:82:22:82:Infinity":6,"s:85:12:85:Infinity":21,"s:89:4:156:Infinity":22,"f:98:16:98:27":2,"s:99:20:99:Infinity":23,"f:107:16:107:27":3,"s:108:20:108:Infinity":24,"f:116:16:116:27":4,"s:117:20:119:Infinity":25,"b:128:13:128:Infinity:129:16:131:Infinity":7,"b:140:26:140:Infinity:141:26:143:Infinity":8,"b:142:30:142:Infinity:143:30:143:Infinity":9,"b:146:17:146:Infinity:147:20:155:Infinity":10},"fnNames":{}}}
}
